# JRE version: OpenJDK Runtime Environment GraalVM CE 22.3.0 (17.0.5+8) (build 17.0.5+8-jvmci-22.3-b08)
# Java VM: OpenJDK 64-Bit Server VM GraalVM CE 22.3.0 (17.0.5+8-jvmci-22.3-b08, mixed mode, sharing, tiered, jvmci, jvmci compiler, compressed oops, compressed class ptrs, parallel gc, linux-amd64)
GC Precious Log:
 CPUs: 16 total, 2 available
 Memory: 3215M
 Large Page Support: Disabled
 NUMA Support: Disabled
 Compressed Oops: Enabled (32-bit)
 Alignments: Space 512K, Generation 512K, Heap 2M
 Heap Min Capacity: 100M
 Heap Initial Capacity: 100M
 Heap Max Capacity: 804M
 Pre-touch: Disabled
 Parallel Workers: 2
Heap:
 PSYoungGen      total 38400K, used 19274K [0x00000000ef400000, 0x00000000f3c00000, 0x0000000100000000)
  eden space 28672K, 33% used [0x00000000ef400000,0x00000000efd58df0,0x00000000f1000000)
  from space 9728K, 99% used [0x00000000f1000000,0x00000000f1979b90,0x00000000f1980000)
  to   space 21504K, 0% used [0x00000000f2700000,0x00000000f2700000,0x00000000f3c00000)
 ParOldGen       total 354304K, used 340429K [0x00000000cdc00000, 0x00000000e3600000, 0x00000000ef400000)
  object space 354304K, 96% used [0x00000000cdc00000,0x00000000e2873580,0x00000000e3600000)
 Metaspace       used 49807K, committed 50496K, reserved 1097728K
  class space    used 4799K, committed 5120K, reserved 1048576K
GC Heap History (20 events):
Event: 10.461 GC heap before
{Heap before GC invocations=65 (full 7):
 PSYoungGen      total 49152K, used 10742K [0x00000000ef400000, 0x00000000f5900000, 0x0000000100000000)
  eden space 38400K, 0% used [0x00000000ef400000,0x00000000ef400000,0x00000000f1980000)
  from space 10752K, 99% used [0x00000000f3100000,0x00000000f3b7d928,0x00000000f3b80000)
  to   space 24064K, 0% used [0x00000000f1980000,0x00000000f1980000,0x00000000f3100000)
 ParOldGen       total 261632K, used 261520K [0x00000000cdc00000, 0x00000000ddb80000, 0x00000000ef400000)
  object space 261632K, 99% used [0x00000000cdc00000,0x00000000ddb642e8,0x00000000ddb80000)
 Metaspace       used 49799K, committed 50496K, reserved 1097728K
  class space    used 4799K, committed 5120K, reserved 1048576K
}
Event: 10.846 GC heap after
{Heap after GC invocations=65 (full 7):
 PSYoungGen      total 49152K, used 7476K [0x00000000ef400000, 0x00000000f4c00000, 0x0000000100000000)
  eden space 38400K, 0% used [0x00000000ef400000,0x00000000ef400000,0x00000000f1980000)
  from space 10752K, 69% used [0x00000000f3100000,0x00000000f384d0f0,0x00000000f3b80000)
  to   space 24064K, 0% used [0x00000000f1980000,0x00000000f1980000,0x00000000f3100000)
 ParOldGen       total 354304K, used 261250K [0x00000000cdc00000, 0x00000000e3600000, 0x00000000ef400000)
  object space 354304K, 73% used [0x00000000cdc00000,0x00000000ddb20b00,0x00000000e3600000)
 Metaspace       used 49799K, committed 50496K, reserved 1097728K
  class space    used 4799K, committed 5120K, reserved 1048576K
}
Event: 10.941 GC heap before
{Heap before GC invocations=66 (full 7):
 PSYoungGen      total 49152K, used 45876K [0x00000000ef400000, 0x00000000f4c00000, 0x0000000100000000)
  eden space 38400K, 100% used [0x00000000ef400000,0x00000000f1980000,0x00000000f1980000)
  from space 10752K, 69% used [0x00000000f3100000,0x00000000f384d0f0,0x00000000f3b80000)
  to   space 24064K, 0% used [0x00000000f1980000,0x00000000f1980000,0x00000000f3100000)
 ParOldGen       total 354304K, used 261250K [0x00000000cdc00000, 0x00000000e3600000, 0x00000000ef400000)
  object space 354304K, 73% used [0x00000000cdc00000,0x00000000ddb20b00,0x00000000e3600000)
 Metaspace       used 49799K, committed 50496K, reserved 1097728K
  class space    used 4799K, committed 5120K, reserved 1048576K
}
Event: 10.982 GC heap after
{Heap after GC invocations=66 (full 7):
 PSYoungGen      total 47616K, used 9033K [0x00000000ef400000, 0x00000000f3800000, 0x0000000100000000)
  eden space 38400K, 0% used [0x00000000ef400000,0x00000000ef400000,0x00000000f1980000)
  from space 9216K, 98% used [0x00000000f1980000,0x00000000f2252440,0x00000000f2280000)
  to   space 13824K, 0% used [0x00000000f2a80000,0x00000000f2a80000,0x00000000f3800000)
 ParOldGen       total 354304K, used 268934K [0x00000000cdc00000, 0x00000000e3600000, 0x00000000ef400000)
  object space 354304K, 75% used [0x00000000cdc00000,0x00000000de2a1a58,0x00000000e3600000)
 Metaspace       used 49799K, committed 50496K, reserved 1097728K
  class space    used 4799K, committed 5120K, reserved 1048576K
}
Event: 11.065 GC heap before
{Heap before GC invocations=67 (full 7):
 PSYoungGen      total 47616K, used 47433K [0x00000000ef400000, 0x00000000f3800000, 0x0000000100000000)
  eden space 38400K, 100% used [0x00000000ef400000,0x00000000f1980000,0x00000000f1980000)
  from space 9216K, 98% used [0x00000000f1980000,0x00000000f2252440,0x00000000f2280000)
  to   space 13824K, 0% used [0x00000000f2a80000,0x00000000f2a80000,0x00000000f3800000)
 ParOldGen       total 354304K, used 268934K [0x00000000cdc00000, 0x00000000e3600000, 0x00000000ef400000)
  object space 354304K, 75% used [0x00000000cdc00000,0x00000000de2a1a58,0x00000000e3600000)
 Metaspace       used 49799K, committed 50496K, reserved 1097728K
  class space    used 4799K, committed 5120K, reserved 1048576K
}
Event: 11.076 GC heap after
{Heap after GC invocations=67 (full 7):
 PSYoungGen      total 50176K, used 13798K [0x00000000ef400000, 0x00000000f4300000, 0x0000000100000000)
  eden space 36352K, 0% used [0x00000000ef400000,0x00000000ef400000,0x00000000f1780000)
  from space 13824K, 99% used [0x00000000f2a80000,0x00000000f37f9978,0x00000000f3800000)
  to   space 19456K, 0% used [0x00000000f1780000,0x00000000f1780000,0x00000000f2a80000)
 ParOldGen       total 354304K, used 272877K [0x00000000cdc00000, 0x00000000e3600000, 0x00000000ef400000)
  object space 354304K, 77% used [0x00000000cdc00000,0x00000000de67b4a0,0x00000000e3600000)
 Metaspace       used 49799K, committed 50496K, reserved 1097728K
  class space    used 4799K, committed 5120K, reserved 1048576K
}
Event: 11.150 GC heap before
{Heap before GC invocations=68 (full 7):
 PSYoungGen      total 50176K, used 50150K [0x00000000ef400000, 0x00000000f4300000, 0x0000000100000000)
  eden space 36352K, 100% used [0x00000000ef400000,0x00000000f1780000,0x00000000f1780000)
  from space 13824K, 99% used [0x00000000f2a80000,0x00000000f37f9978,0x00000000f3800000)
  to   space 19456K, 0% used [0x00000000f1780000,0x00000000f1780000,0x00000000f2a80000)
 ParOldGen       total 354304K, used 272877K [0x00000000cdc00000, 0x00000000e3600000, 0x00000000ef400000)
  object space 354304K, 77% used [0x00000000cdc00000,0x00000000de67b4a0,0x00000000e3600000)
 Metaspace       used 49799K, committed 50496K, reserved 1097728K
  class space    used 4799K, committed 5120K, reserved 1048576K
}
Event: 11.166 GC heap after
{Heap after GC invocations=68 (full 7):
 PSYoungGen      total 44544K, used 7984K [0x00000000ef400000, 0x00000000f3200000, 0x0000000100000000)
  eden space 36352K, 0% used [0x00000000ef400000,0x00000000ef400000,0x00000000f1780000)
  from space 8192K, 97% used [0x00000000f1780000,0x00000000f1f4c3e0,0x00000000f1f80000)
  to   space 11776K, 0% used [0x00000000f2680000,0x00000000f2680000,0x00000000f3200000)
 ParOldGen       total 354304K, used 286809K [0x00000000cdc00000, 0x00000000e3600000, 0x00000000ef400000)
  object space 354304K, 80% used [0x00000000cdc00000,0x00000000df416460,0x00000000e3600000)
 Metaspace       used 49799K, committed 50496K, reserved 1097728K
  class space    used 4799K, committed 5120K, reserved 1048576K
}
Event: 11.234 GC heap before
{Heap before GC invocations=69 (full 7):
 PSYoungGen      total 44544K, used 44336K [0x00000000ef400000, 0x00000000f3200000, 0x0000000100000000)
  eden space 36352K, 100% used [0x00000000ef400000,0x00000000f1780000,0x00000000f1780000)
  from space 8192K, 97% used [0x00000000f1780000,0x00000000f1f4c3e0,0x00000000f1f80000)
  to   space 11776K, 0% used [0x00000000f2680000,0x00000000f2680000,0x00000000f3200000)
 ParOldGen       total 354304K, used 286809K [0x00000000cdc00000, 0x00000000e3600000, 0x00000000ef400000)
  object space 354304K, 80% used [0x00000000cdc00000,0x00000000df416460,0x00000000e3600000)
 Metaspace       used 49800K, committed 50496K, reserved 1097728K
  class space    used 4799K, committed 5120K, reserved 1048576K
}
Event: 11.243 GC heap after
{Heap after GC invocations=69 (full 7):
 PSYoungGen      total 45568K, used 11763K [0x00000000ef400000, 0x00000000f3e00000, 0x0000000100000000)
  eden space 33792K, 0% used [0x00000000ef400000,0x00000000ef400000,0x00000000f1500000)
  from space 11776K, 99% used [0x00000000f2680000,0x00000000f31fcdb0,0x00000000f3200000)
  to   space 17920K, 0% used [0x00000000f1500000,0x00000000f1500000,0x00000000f2680000)
 ParOldGen       total 354304K, used 291286K [0x00000000cdc00000, 0x00000000e3600000, 0x00000000ef400000)
  object space 354304K, 82% used [0x00000000cdc00000,0x00000000df875a00,0x00000000e3600000)
 Metaspace       used 49800K, committed 50496K, reserved 1097728K
  class space    used 4799K, committed 5120K, reserved 1048576K
}
Event: 11.309 GC heap before
{Heap before GC invocations=70 (full 7):
 PSYoungGen      total 45568K, used 45555K [0x00000000ef400000, 0x00000000f3e00000, 0x0000000100000000)
  eden space 33792K, 100% used [0x00000000ef400000,0x00000000f1500000,0x00000000f1500000)
  from space 11776K, 99% used [0x00000000f2680000,0x00000000f31fcdb0,0x00000000f3200000)
  to   space 17920K, 0% used [0x00000000f1500000,0x00000000f1500000,0x00000000f2680000)
 ParOldGen       total 354304K, used 291286K [0x00000000cdc00000, 0x00000000e3600000, 0x00000000ef400000)
  object space 354304K, 82% used [0x00000000cdc00000,0x00000000df875a00,0x00000000e3600000)
 Metaspace       used 49800K, committed 50496K, reserved 1097728K
  class space    used 4799K, committed 5120K, reserved 1048576K
}
Event: 11.324 GC heap after
{Heap after GC invocations=70 (full 7):
 PSYoungGen      total 41472K, used 7351K [0x00000000ef400000, 0x00000000f2d00000, 0x0000000100000000)
  eden space 33792K, 0% used [0x00000000ef400000,0x00000000ef400000,0x00000000f1500000)
  from space 7680K, 95% used [0x00000000f1500000,0x00000000f1c2dcf8,0x00000000f1c80000)
  to   space 10752K, 0% used [0x00000000f2280000,0x00000000f2280000,0x00000000f2d00000)
 ParOldGen       total 354304K, used 303027K [0x00000000cdc00000, 0x00000000e3600000, 0x00000000ef400000)
  object space 354304K, 85% used [0x00000000cdc00000,0x00000000e03ecc60,0x00000000e3600000)
 Metaspace       used 49800K, committed 50496K, reserved 1097728K
  class space    used 4799K, committed 5120K, reserved 1048576K
}
Event: 11.511 GC heap before
{Heap before GC invocations=71 (full 7):
 PSYoungGen      total 41472K, used 41143K [0x00000000ef400000, 0x00000000f2d00000, 0x0000000100000000)
  eden space 33792K, 100% used [0x00000000ef400000,0x00000000f1500000,0x00000000f1500000)
  from space 7680K, 95% used [0x00000000f1500000,0x00000000f1c2dcf8,0x00000000f1c80000)
  to   space 10752K, 0% used [0x00000000f2280000,0x00000000f2280000,0x00000000f2d00000)
 ParOldGen       total 354304K, used 303027K [0x00000000cdc00000, 0x00000000e3600000, 0x00000000ef400000)
  object space 354304K, 85% used [0x00000000cdc00000,0x00000000e03ecc60,0x00000000e3600000)
 Metaspace       used 49801K, committed 50496K, reserved 1097728K
  class space    used 4799K, committed 5120K, reserved 1048576K
}
Event: 11.531 GC heap after
{Heap after GC invocations=71 (full 7):
 PSYoungGen      total 34816K, used 10742K [0x00000000ef400000, 0x00000000f4600000, 0x0000000100000000)
  eden space 24064K, 0% used [0x00000000ef400000,0x00000000ef400000,0x00000000f0b80000)
  from space 10752K, 99% used [0x00000000f2280000,0x00000000f2cfd8e8,0x00000000f2d00000)
  to   space 23552K, 0% used [0x00000000f0b80000,0x00000000f0b80000,0x00000000f2280000)
 ParOldGen       total 354304K, used 313280K [0x00000000cdc00000, 0x00000000e3600000, 0x00000000ef400000)
  object space 354304K, 88% used [0x00000000cdc00000,0x00000000e0df0320,0x00000000e3600000)
 Metaspace       used 49801K, committed 50496K, reserved 1097728K
  class space    used 4799K, committed 5120K, reserved 1048576K
}
Event: 11.561 GC heap before
{Heap before GC invocations=72 (full 7):
 PSYoungGen      total 34816K, used 34806K [0x00000000ef400000, 0x00000000f4600000, 0x0000000100000000)
  eden space 24064K, 100% used [0x00000000ef400000,0x00000000f0b80000,0x00000000f0b80000)
  from space 10752K, 99% used [0x00000000f2280000,0x00000000f2cfd8e8,0x00000000f2d00000)
  to   space 23552K, 0% used [0x00000000f0b80000,0x00000000f0b80000,0x00000000f2280000)
 ParOldGen       total 354304K, used 313280K [0x00000000cdc00000, 0x00000000e3600000, 0x00000000ef400000)
  object space 354304K, 88% used [0x00000000cdc00000,0x00000000e0df0320,0x00000000e3600000)
 Metaspace       used 49801K, committed 50496K, reserved 1097728K
  class space    used 4799K, committed 5120K, reserved 1048576K
}
Event: 11.578 GC heap after
{Heap after GC invocations=72 (full 7):
 PSYoungGen      total 31232K, used 6883K [0x00000000ef400000, 0x00000000f2600000, 0x0000000100000000)
  eden space 24064K, 0% used [0x00000000ef400000,0x00000000ef400000,0x00000000f0b80000)
  from space 7168K, 96% used [0x00000000f0b80000,0x00000000f1238de0,0x00000000f1280000)
  to   space 12288K, 0% used [0x00000000f1a00000,0x00000000f1a00000,0x00000000f2600000)
 ParOldGen       total 354304K, used 324094K [0x00000000cdc00000, 0x00000000e3600000, 0x00000000ef400000)
  object space 354304K, 91% used [0x00000000cdc00000,0x00000000e187fa68,0x00000000e3600000)
 Metaspace       used 49801K, committed 50496K, reserved 1097728K
  class space    used 4799K, committed 5120K, reserved 1048576K
}
Event: 11.593 GC heap before
{Heap before GC invocations=73 (full 7):
 PSYoungGen      total 31232K, used 30947K [0x00000000ef400000, 0x00000000f2600000, 0x0000000100000000)
  eden space 24064K, 100% used [0x00000000ef400000,0x00000000f0b80000,0x00000000f0b80000)
  from space 7168K, 96% used [0x00000000f0b80000,0x00000000f1238de0,0x00000000f1280000)
  to   space 12288K, 0% used [0x00000000f1a00000,0x00000000f1a00000,0x00000000f2600000)
 ParOldGen       total 354304K, used 324094K [0x00000000cdc00000, 0x00000000e3600000, 0x00000000ef400000)
  object space 354304K, 91% used [0x00000000cdc00000,0x00000000e187fa68,0x00000000e3600000)
 Metaspace       used 49801K, committed 50496K, reserved 1097728K
  class space    used 4799K, committed 5120K, reserved 1048576K
}
Event: 11.603 GC heap after
{Heap after GC invocations=73 (full 7):
 PSYoungGen      total 36352K, used 8738K [0x00000000ef400000, 0x00000000f2300000, 0x0000000100000000)
  eden space 27136K, 0% used [0x00000000ef400000,0x00000000ef400000,0x00000000f0e80000)
  from space 9216K, 94% used [0x00000000f1a00000,0x00000000f2288820,0x00000000f2300000)
  to   space 9728K, 0% used [0x00000000f1000000,0x00000000f1000000,0x00000000f1980000)
 ParOldGen       total 354304K, used 330649K [0x00000000cdc00000, 0x00000000e3600000, 0x00000000ef400000)
  object space 354304K, 93% used [0x00000000cdc00000,0x00000000e1ee65a0,0x00000000e3600000)
 Metaspace       used 49801K, committed 50496K, reserved 1097728K
  class space    used 4799K, committed 5120K, reserved 1048576K
}
Event: 11.614 GC heap before
{Heap before GC invocations=74 (full 7):
 PSYoungGen      total 36352K, used 35874K [0x00000000ef400000, 0x00000000f2300000, 0x0000000100000000)
  eden space 27136K, 100% used [0x00000000ef400000,0x00000000f0e80000,0x00000000f0e80000)
  from space 9216K, 94% used [0x00000000f1a00000,0x00000000f2288820,0x00000000f2300000)
  to   space 9728K, 0% used [0x00000000f1000000,0x00000000f1000000,0x00000000f1980000)
 ParOldGen       total 354304K, used 330649K [0x00000000cdc00000, 0x00000000e3600000, 0x00000000ef400000)
  object space 354304K, 93% used [0x00000000cdc00000,0x00000000e1ee65a0,0x00000000e3600000)
 Metaspace       used 49801K, committed 50496K, reserved 1097728K
  class space    used 4799K, committed 5120K, reserved 1048576K
}
Event: 11.622 GC heap after
{Heap after GC invocations=74 (full 7):
 PSYoungGen      total 38400K, used 9702K [0x00000000ef400000, 0x00000000f3c00000, 0x0000000100000000)
  eden space 28672K, 0% used [0x00000000ef400000,0x00000000ef400000,0x00000000f1000000)
  from space 9728K, 99% used [0x00000000f1000000,0x00000000f1979b90,0x00000000f1980000)
  to   space 21504K, 0% used [0x00000000f2700000,0x00000000f2700000,0x00000000f3c00000)
 ParOldGen       total 354304K, used 340429K [0x00000000cdc00000, 0x00000000e3600000, 0x00000000ef400000)
  object space 354304K, 96% used [0x00000000cdc00000,0x00000000e2873580,0x00000000e3600000)
 Metaspace       used 49801K, committed 50496K, reserved 1097728K
  class space    used 4799K, committed 5120K, reserved 1048576K
}

