# JRE version: OpenJDK Runtime Environment GraalVM CE 22.3.0 (17.0.5+8) (build 17.0.5+8-jvmci-22.3-b08)
# Java VM: OpenJDK 64-Bit Server VM GraalVM CE 22.3.0 (17.0.5+8-jvmci-22.3-b08, mixed mode, sharing, tiered, jvmci, jvmci compiler, compressed oops, compressed class ptrs, parallel gc, linux-amd64)
GC Precious Log:
 CPUs: 16 total, 2 available
 Memory: 3215M
 Large Page Support: Disabled
 NUMA Support: Disabled
 Compressed Oops: Enabled (32-bit)
 Alignments: Space 512K, Generation 512K, Heap 2M
 Heap Min Capacity: 100M
 Heap Initial Capacity: 100M
 Heap Max Capacity: 804M
 Pre-touch: Disabled
 Parallel Workers: 2
Heap:
 PSYoungGen      total 79872K, used 40683K [0x00000000ef400000, 0x00000000f5380000, 0x0000000100000000)
  eden space 69632K, 47% used [0x00000000ef400000,0x00000000f1427b40,0x00000000f3800000)
  from space 10240K, 75% used [0x00000000f4000000,0x00000000f4793470,0x00000000f4a00000)
  to   space 8192K, 0% used [0x00000000f4b80000,0x00000000f4b80000,0x00000000f5380000)
 ParOldGen       total 473600K, used 439822K [0x00000000cdc00000, 0x00000000eaa80000, 0x00000000ef400000)
  object space 473600K, 92% used [0x00000000cdc00000,0x00000000e8983810,0x00000000eaa80000)
 Metaspace       used 68071K, committed 68928K, reserved 1114112K
  class space    used 6211K, committed 6592K, reserved 1048576K
GC Heap History (20 events):
Event: 41.384 GC heap before
{Heap before GC invocations=97 (full 8):
 PSYoungGen      total 89088K, used 88605K [0x00000000ef400000, 0x00000000f6300000, 0x0000000100000000)
  eden space 83456K, 100% used [0x00000000ef400000,0x00000000f4580000,0x00000000f4580000)
  from space 5632K, 91% used [0x00000000f4e80000,0x00000000f5387748,0x00000000f5400000)
  to   space 9728K, 0% used [0x00000000f5980000,0x00000000f5980000,0x00000000f6300000)
 ParOldGen       total 473600K, used 423962K [0x00000000cdc00000, 0x00000000eaa80000, 0x00000000ef400000)
  object space 473600K, 89% used [0x00000000cdc00000,0x00000000e7a06b70,0x00000000eaa80000)
 Metaspace       used 65018K, committed 65920K, reserved 1114112K
  class space    used 6122K, committed 6528K, reserved 1048576K
}
Event: 41.392 GC heap after
{Heap after GC invocations=97 (full 8):
 PSYoungGen      total 88064K, used 5637K [0x00000000ef400000, 0x00000000f5f80000, 0x0000000100000000)
  eden space 81920K, 0% used [0x00000000ef400000,0x00000000ef400000,0x00000000f4400000)
  from space 6144K, 91% used [0x00000000f5980000,0x00000000f5f016c8,0x00000000f5f80000)
  to   space 6656K, 0% used [0x00000000f5280000,0x00000000f5280000,0x00000000f5900000)
 ParOldGen       total 473600K, used 423970K [0x00000000cdc00000, 0x00000000eaa80000, 0x00000000ef400000)
  object space 473600K, 89% used [0x00000000cdc00000,0x00000000e7a08b70,0x00000000eaa80000)
 Metaspace       used 65018K, committed 65920K, reserved 1114112K
  class space    used 6122K, committed 6528K, reserved 1048576K
}
Event: 53.228 GC heap before
{Heap before GC invocations=98 (full 8):
 PSYoungGen      total 88064K, used 87557K [0x00000000ef400000, 0x00000000f5f80000, 0x0000000100000000)
  eden space 81920K, 100% used [0x00000000ef400000,0x00000000f4400000,0x00000000f4400000)
  from space 6144K, 91% used [0x00000000f5980000,0x00000000f5f016c8,0x00000000f5f80000)
  to   space 6656K, 0% used [0x00000000f5280000,0x00000000f5280000,0x00000000f5900000)
 ParOldGen       total 473600K, used 423970K [0x00000000cdc00000, 0x00000000eaa80000, 0x00000000ef400000)
  object space 473600K, 89% used [0x00000000cdc00000,0x00000000e7a08b70,0x00000000eaa80000)
 Metaspace       used 65758K, committed 66624K, reserved 1114112K
  class space    used 6130K, committed 6528K, reserved 1048576K
}
Event: 53.234 GC heap after
{Heap after GC invocations=98 (full 8):
 PSYoungGen      total 86016K, used 5349K [0x00000000ef400000, 0x00000000f5a00000, 0x0000000100000000)
  eden space 80384K, 0% used [0x00000000ef400000,0x00000000ef400000,0x00000000f4280000)
  from space 5632K, 94% used [0x00000000f5280000,0x00000000f57b96c8,0x00000000f5800000)
  to   space 2048K, 0% used [0x00000000f5800000,0x00000000f5800000,0x00000000f5a00000)
 ParOldGen       total 473600K, used 423978K [0x00000000cdc00000, 0x00000000eaa80000, 0x00000000ef400000)
  object space 473600K, 89% used [0x00000000cdc00000,0x00000000e7a0ab70,0x00000000eaa80000)
 Metaspace       used 65758K, committed 66624K, reserved 1114112K
  class space    used 6130K, committed 6528K, reserved 1048576K
}
Event: 58.784 GC heap before
{Heap before GC invocations=99 (full 8):
 PSYoungGen      total 86016K, used 85596K [0x00000000ef400000, 0x00000000f5a00000, 0x0000000100000000)
  eden space 80384K, 99% used [0x00000000ef400000,0x00000000f425dc70,0x00000000f4280000)
  from space 5632K, 94% used [0x00000000f5280000,0x00000000f57b96c8,0x00000000f5800000)
  to   space 2048K, 0% used [0x00000000f5800000,0x00000000f5800000,0x00000000f5a00000)
 ParOldGen       total 473600K, used 423978K [0x00000000cdc00000, 0x00000000eaa80000, 0x00000000ef400000)
  object space 473600K, 89% used [0x00000000cdc00000,0x00000000e7a0ab70,0x00000000eaa80000)
 Metaspace       used 66181K, committed 67008K, reserved 1114112K
  class space    used 6137K, committed 6528K, reserved 1048576K
}
Event: 58.795 GC heap after
{Heap after GC invocations=99 (full 8):
 PSYoungGen      total 80896K, used 2018K [0x00000000ef400000, 0x00000000f5a00000, 0x0000000100000000)
  eden space 78848K, 0% used [0x00000000ef400000,0x00000000ef400000,0x00000000f4100000)
  from space 2048K, 98% used [0x00000000f5800000,0x00000000f59f8a78,0x00000000f5a00000)
  to   space 8704K, 0% used [0x00000000f4900000,0x00000000f4900000,0x00000000f5180000)
 ParOldGen       total 473600K, used 429801K [0x00000000cdc00000, 0x00000000eaa80000, 0x00000000ef400000)
  object space 473600K, 90% used [0x00000000cdc00000,0x00000000e7fba7c0,0x00000000eaa80000)
 Metaspace       used 66181K, committed 67008K, reserved 1114112K
  class space    used 6137K, committed 6528K, reserved 1048576K
}
Event: 58.933 GC heap before
{Heap before GC invocations=100 (full 8):
 PSYoungGen      total 80896K, used 79555K [0x00000000ef400000, 0x00000000f5a00000, 0x0000000100000000)
  eden space 78848K, 98% used [0x00000000ef400000,0x00000000f3fb82b8,0x00000000f4100000)
  from space 2048K, 98% used [0x00000000f5800000,0x00000000f59f8a78,0x00000000f5a00000)
  to   space 8704K, 0% used [0x00000000f4900000,0x00000000f4900000,0x00000000f5180000)
 ParOldGen       total 473600K, used 429801K [0x00000000cdc00000, 0x00000000eaa80000, 0x00000000ef400000)
  object space 473600K, 90% used [0x00000000cdc00000,0x00000000e7fba7c0,0x00000000eaa80000)
 Metaspace       used 66476K, committed 67392K, reserved 1114112K
  class space    used 6162K, committed 6592K, reserved 1048576K
}
Event: 58.940 GC heap after
{Heap after GC invocations=100 (full 8):
 PSYoungGen      total 86016K, used 1708K [0x00000000ef400000, 0x00000000f5880000, 0x0000000100000000)
  eden space 77312K, 0% used [0x00000000ef400000,0x00000000ef400000,0x00000000f3f80000)
  from space 8704K, 19% used [0x00000000f4900000,0x00000000f4aab090,0x00000000f5180000)
  to   space 4096K, 0% used [0x00000000f5480000,0x00000000f5480000,0x00000000f5880000)
 ParOldGen       total 473600K, used 431081K [0x00000000cdc00000, 0x00000000eaa80000, 0x00000000ef400000)
  object space 473600K, 91% used [0x00000000cdc00000,0x00000000e80fa6a8,0x00000000eaa80000)
 Metaspace       used 66476K, committed 67392K, reserved 1114112K
  class space    used 6162K, committed 6592K, reserved 1048576K
}
Event: 59.080 GC heap before
{Heap before GC invocations=101 (full 8):
 PSYoungGen      total 86016K, used 77694K [0x00000000ef400000, 0x00000000f5880000, 0x0000000100000000)
  eden space 77312K, 98% used [0x00000000ef400000,0x00000000f3e34910,0x00000000f3f80000)
  from space 8704K, 19% used [0x00000000f4900000,0x00000000f4aab090,0x00000000f5180000)
  to   space 4096K, 0% used [0x00000000f5480000,0x00000000f5480000,0x00000000f5880000)
 ParOldGen       total 473600K, used 431081K [0x00000000cdc00000, 0x00000000eaa80000, 0x00000000ef400000)
  object space 473600K, 91% used [0x00000000cdc00000,0x00000000e80fa6a8,0x00000000eaa80000)
 Metaspace       used 66539K, committed 67456K, reserved 1114112K
  class space    used 6167K, committed 6592K, reserved 1048576K
}
Event: 59.095 GC heap after
{Heap after GC invocations=101 (full 8):
 PSYoungGen      total 77824K, used 1743K [0x00000000ef400000, 0x00000000f5680000, 0x0000000100000000)
  eden space 75776K, 0% used [0x00000000ef400000,0x00000000ef400000,0x00000000f3e00000)
  from space 2048K, 85% used [0x00000000f5480000,0x00000000f5633e88,0x00000000f5680000)
  to   space 2560K, 0% used [0x00000000f5180000,0x00000000f5180000,0x00000000f5400000)
 ParOldGen       total 473600K, used 431089K [0x00000000cdc00000, 0x00000000eaa80000, 0x00000000ef400000)
  object space 473600K, 91% used [0x00000000cdc00000,0x00000000e80fc6a8,0x00000000eaa80000)
 Metaspace       used 66539K, committed 67456K, reserved 1114112K
  class space    used 6167K, committed 6592K, reserved 1048576K
}
Event: 59.208 GC heap before
{Heap before GC invocations=102 (full 8):
 PSYoungGen      total 77824K, used 77286K [0x00000000ef400000, 0x00000000f5680000, 0x0000000100000000)
  eden space 75776K, 99% used [0x00000000ef400000,0x00000000f3dc59f8,0x00000000f3e00000)
  from space 2048K, 85% used [0x00000000f5480000,0x00000000f5633e88,0x00000000f5680000)
  to   space 2560K, 0% used [0x00000000f5180000,0x00000000f5180000,0x00000000f5400000)
 ParOldGen       total 473600K, used 431089K [0x00000000cdc00000, 0x00000000eaa80000, 0x00000000ef400000)
  object space 473600K, 91% used [0x00000000cdc00000,0x00000000e80fc6a8,0x00000000eaa80000)
 Metaspace       used 66640K, committed 67520K, reserved 1114112K
  class space    used 6171K, committed 6592K, reserved 1048576K
}
Event: 59.212 GC heap after
{Heap after GC invocations=102 (full 8):
 PSYoungGen      total 76288K, used 1775K [0x00000000ef400000, 0x00000000f5500000, 0x0000000100000000)
  eden space 74240K, 0% used [0x00000000ef400000,0x00000000ef400000,0x00000000f3c80000)
  from space 2048K, 86% used [0x00000000f5180000,0x00000000f533be70,0x00000000f5380000)
  to   space 1536K, 0% used [0x00000000f5380000,0x00000000f5380000,0x00000000f5500000)
 ParOldGen       total 473600K, used 431097K [0x00000000cdc00000, 0x00000000eaa80000, 0x00000000ef400000)
  object space 473600K, 91% used [0x00000000cdc00000,0x00000000e80fe6a8,0x00000000eaa80000)
 Metaspace       used 66640K, committed 67520K, reserved 1114112K
  class space    used 6171K, committed 6592K, reserved 1048576K
}
Event: 59.310 GC heap before
{Heap before GC invocations=103 (full 8):
 PSYoungGen      total 76288K, used 75340K [0x00000000ef400000, 0x00000000f5500000, 0x0000000100000000)
  eden space 74240K, 99% used [0x00000000ef400000,0x00000000f3bd7308,0x00000000f3c80000)
  from space 2048K, 86% used [0x00000000f5180000,0x00000000f533be70,0x00000000f5380000)
  to   space 1536K, 0% used [0x00000000f5380000,0x00000000f5380000,0x00000000f5500000)
 ParOldGen       total 473600K, used 431097K [0x00000000cdc00000, 0x00000000eaa80000, 0x00000000ef400000)
  object space 473600K, 91% used [0x00000000cdc00000,0x00000000e80fe6a8,0x00000000eaa80000)
 Metaspace       used 66657K, committed 67520K, reserved 1114112K
  class space    used 6171K, committed 6592K, reserved 1048576K
}
Event: 59.313 GC heap after
{Heap after GC invocations=103 (full 8):
 PSYoungGen      total 74240K, used 1535K [0x00000000ef400000, 0x00000000f5500000, 0x0000000100000000)
  eden space 72704K, 0% used [0x00000000ef400000,0x00000000ef400000,0x00000000f3b00000)
  from space 1536K, 99% used [0x00000000f5380000,0x00000000f54ffe98,0x00000000f5500000)
  to   space 2048K, 0% used [0x00000000f5100000,0x00000000f5100000,0x00000000f5300000)
 ParOldGen       total 473600K, used 431370K [0x00000000cdc00000, 0x00000000eaa80000, 0x00000000ef400000)
  object space 473600K, 91% used [0x00000000cdc00000,0x00000000e8142b38,0x00000000eaa80000)
 Metaspace       used 66657K, committed 67520K, reserved 1114112K
  class space    used 6171K, committed 6592K, reserved 1048576K
}
Event: 69.125 GC heap before
{Heap before GC invocations=104 (full 8):
 PSYoungGen      total 74240K, used 74239K [0x00000000ef400000, 0x00000000f5500000, 0x0000000100000000)
  eden space 72704K, 100% used [0x00000000ef400000,0x00000000f3b00000,0x00000000f3b00000)
  from space 1536K, 99% used [0x00000000f5380000,0x00000000f54ffe98,0x00000000f5500000)
  to   space 2048K, 0% used [0x00000000f5100000,0x00000000f5100000,0x00000000f5300000)
 ParOldGen       total 473600K, used 431370K [0x00000000cdc00000, 0x00000000eaa80000, 0x00000000ef400000)
  object space 473600K, 91% used [0x00000000cdc00000,0x00000000e8142b38,0x00000000eaa80000)
 Metaspace       used 67103K, committed 67968K, reserved 1114112K
  class space    used 6182K, committed 6592K, reserved 1048576K
}
Event: 69.131 GC heap after
{Heap after GC invocations=104 (full 8):
 PSYoungGen      total 73728K, used 2047K [0x00000000ef400000, 0x00000000f5400000, 0x0000000100000000)
  eden space 71680K, 0% used [0x00000000ef400000,0x00000000ef400000,0x00000000f3a00000)
  from space 2048K, 99% used [0x00000000f5100000,0x00000000f52ffe98,0x00000000f5300000)
  to   space 1024K, 0% used [0x00000000f5300000,0x00000000f5300000,0x00000000f5400000)
 ParOldGen       total 473600K, used 431730K [0x00000000cdc00000, 0x00000000eaa80000, 0x00000000ef400000)
  object space 473600K, 91% used [0x00000000cdc00000,0x00000000e819cb38,0x00000000eaa80000)
 Metaspace       used 67103K, committed 67968K, reserved 1114112K
  class space    used 6182K, committed 6592K, reserved 1048576K
}
Event: 82.790 GC heap before
{Heap before GC invocations=105 (full 8):
 PSYoungGen      total 73728K, used 73727K [0x00000000ef400000, 0x00000000f5400000, 0x0000000100000000)
  eden space 71680K, 100% used [0x00000000ef400000,0x00000000f3a00000,0x00000000f3a00000)
  from space 2048K, 99% used [0x00000000f5100000,0x00000000f52ffe98,0x00000000f5300000)
  to   space 1024K, 0% used [0x00000000f5300000,0x00000000f5300000,0x00000000f5400000)
 ParOldGen       total 473600K, used 431730K [0x00000000cdc00000, 0x00000000eaa80000, 0x00000000ef400000)
  object space 473600K, 91% used [0x00000000cdc00000,0x00000000e819cb38,0x00000000eaa80000)
 Metaspace       used 67509K, committed 68416K, reserved 1114112K
  class space    used 6186K, committed 6592K, reserved 1048576K
}
Event: 82.801 GC heap after
{Heap after GC invocations=105 (full 8):
 PSYoungGen      total 71680K, used 1008K [0x00000000ef400000, 0x00000000f5400000, 0x0000000100000000)
  eden space 70656K, 0% used [0x00000000ef400000,0x00000000ef400000,0x00000000f3900000)
  from space 1024K, 98% used [0x00000000f5300000,0x00000000f53fc010,0x00000000f5400000)
  to   space 10240K, 0% used [0x00000000f4000000,0x00000000f4000000,0x00000000f4a00000)
 ParOldGen       total 473600K, used 439798K [0x00000000cdc00000, 0x00000000eaa80000, 0x00000000ef400000)
  object space 473600K, 92% used [0x00000000cdc00000,0x00000000e897d810,0x00000000eaa80000)
 Metaspace       used 67509K, committed 68416K, reserved 1114112K
  class space    used 6186K, committed 6592K, reserved 1048576K
}
Event: 91.142 GC heap before
{Heap before GC invocations=106 (full 8):
 PSYoungGen      total 71680K, used 71664K [0x00000000ef400000, 0x00000000f5400000, 0x0000000100000000)
  eden space 70656K, 100% used [0x00000000ef400000,0x00000000f3900000,0x00000000f3900000)
  from space 1024K, 98% used [0x00000000f5300000,0x00000000f53fc010,0x00000000f5400000)
  to   space 10240K, 0% used [0x00000000f4000000,0x00000000f4000000,0x00000000f4a00000)
 ParOldGen       total 473600K, used 439798K [0x00000000cdc00000, 0x00000000eaa80000, 0x00000000ef400000)
  object space 473600K, 92% used [0x00000000cdc00000,0x00000000e897d810,0x00000000eaa80000)
 Metaspace       used 67917K, committed 68800K, reserved 1114112K
  class space    used 6210K, committed 6592K, reserved 1048576K
}
Event: 91.152 GC heap after
{Heap after GC invocations=106 (full 8):
 PSYoungGen      total 79872K, used 7757K [0x00000000ef400000, 0x00000000f5380000, 0x0000000100000000)
  eden space 69632K, 0% used [0x00000000ef400000,0x00000000ef400000,0x00000000f3800000)
  from space 10240K, 75% used [0x00000000f4000000,0x00000000f4793470,0x00000000f4a00000)
  to   space 8192K, 0% used [0x00000000f4b80000,0x00000000f4b80000,0x00000000f5380000)
 ParOldGen       total 473600K, used 439822K [0x00000000cdc00000, 0x00000000eaa80000, 0x00000000ef400000)
  object space 473600K, 92% used [0x00000000cdc00000,0x00000000e8983810,0x00000000eaa80000)
 Metaspace       used 67917K, committed 68800K, reserved 1114112K
  class space    used 6210K, committed 6592K, reserved 1048576K
}

