# JRE version: OpenJDK Runtime Environment GraalVM CE 22.3.0 (17.0.5+8) (build 17.0.5+8-jvmci-22.3-b08)
# Java VM: OpenJDK 64-Bit Server VM GraalVM CE 22.3.0 (17.0.5+8-jvmci-22.3-b08, mixed mode, sharing, tiered, jvmci, jvmci compiler, compressed oops, compressed class ptrs, parallel gc, linux-amd64)
GC Precious Log:
 CPUs: 16 total, 2 available
 Memory: 3215M
 Large Page Support: Disabled
 NUMA Support: Disabled
 Compressed Oops: Enabled (32-bit)
 Alignments: Space 512K, Generation 512K, Heap 2M
 Heap Min Capacity: 100M
 Heap Initial Capacity: 100M
 Heap Max Capacity: 804M
 Pre-touch: Disabled
 Parallel Workers: 2
Heap:
 PSYoungGen      total 40448K, used 12405K [0x00000000ef400000, 0x00000000f2d80000, 0x0000000100000000)
  eden space 29696K, 6% used [0x00000000ef400000,0x00000000ef607330,0x00000000f1100000)
  from space 10752K, 96% used [0x00000000f2300000,0x00000000f2d161b0,0x00000000f2d80000)
  to   space 12800K, 0% used [0x00000000f1480000,0x00000000f1480000,0x00000000f2100000)
 ParOldGen       total 359936K, used 342750K [0x00000000cdc00000, 0x00000000e3b80000, 0x00000000ef400000)
  object space 359936K, 95% used [0x00000000cdc00000,0x00000000e2ab7838,0x00000000e3b80000)
 Metaspace       used 49555K, committed 50368K, reserved 1097728K
  class space    used 4776K, committed 5120K, reserved 1048576K
GC Heap History (20 events):
Event: 9.347 GC heap before
{Heap before GC invocations=68 (full 7):
 PSYoungGen      total 54272K, used 41472K [0x00000000ef400000, 0x00000000f3580000, 0x0000000100000000)
  eden space 41472K, 100% used [0x00000000ef400000,0x00000000f1c80000,0x00000000f1c80000)
  from space 12800K, 0% used [0x00000000f2900000,0x00000000f2900000,0x00000000f3580000)
  to   space 12800K, 0% used [0x00000000f1c80000,0x00000000f1c80000,0x00000000f2900000)
 ParOldGen       total 359936K, used 261230K [0x00000000cdc00000, 0x00000000e3b80000, 0x00000000ef400000)
  object space 359936K, 72% used [0x00000000cdc00000,0x00000000ddb1b820,0x00000000e3b80000)
 Metaspace       used 49547K, committed 50368K, reserved 1097728K
  class space    used 4776K, committed 5120K, reserved 1048576K
}
Event: 9.354 GC heap after
{Heap after GC invocations=68 (full 7):
 PSYoungGen      total 54272K, used 9593K [0x00000000ef400000, 0x00000000f3480000, 0x0000000100000000)
  eden space 41472K, 0% used [0x00000000ef400000,0x00000000ef400000,0x00000000f1c80000)
  from space 12800K, 74% used [0x00000000f1c80000,0x00000000f25de710,0x00000000f2900000)
  to   space 10240K, 0% used [0x00000000f2a80000,0x00000000f2a80000,0x00000000f3480000)
 ParOldGen       total 359936K, used 261230K [0x00000000cdc00000, 0x00000000e3b80000, 0x00000000ef400000)
  object space 359936K, 72% used [0x00000000cdc00000,0x00000000ddb1b820,0x00000000e3b80000)
 Metaspace       used 49547K, committed 50368K, reserved 1097728K
  class space    used 4776K, committed 5120K, reserved 1048576K
}
Event: 9.448 GC heap before
{Heap before GC invocations=69 (full 7):
 PSYoungGen      total 54272K, used 51065K [0x00000000ef400000, 0x00000000f3480000, 0x0000000100000000)
  eden space 41472K, 100% used [0x00000000ef400000,0x00000000f1c80000,0x00000000f1c80000)
  from space 12800K, 74% used [0x00000000f1c80000,0x00000000f25de710,0x00000000f2900000)
  to   space 10240K, 0% used [0x00000000f2a80000,0x00000000f2a80000,0x00000000f3480000)
 ParOldGen       total 359936K, used 261230K [0x00000000cdc00000, 0x00000000e3b80000, 0x00000000ef400000)
  object space 359936K, 72% used [0x00000000cdc00000,0x00000000ddb1b820,0x00000000e3b80000)
 Metaspace       used 49548K, committed 50368K, reserved 1097728K
  class space    used 4776K, committed 5120K, reserved 1048576K
}
Event: 9.461 GC heap after
{Heap after GC invocations=69 (full 7):
 PSYoungGen      total 45056K, used 10231K [0x00000000ef400000, 0x00000000f4980000, 0x0000000100000000)
  eden space 34816K, 0% used [0x00000000ef400000,0x00000000ef400000,0x00000000f1600000)
  from space 10240K, 99% used [0x00000000f2a80000,0x00000000f347dda8,0x00000000f3480000)
  to   space 20992K, 0% used [0x00000000f1600000,0x00000000f1600000,0x00000000f2a80000)
 ParOldGen       total 359936K, used 270171K [0x00000000cdc00000, 0x00000000e3b80000, 0x00000000ef400000)
  object space 359936K, 75% used [0x00000000cdc00000,0x00000000de3d6de8,0x00000000e3b80000)
 Metaspace       used 49548K, committed 50368K, reserved 1097728K
  class space    used 4776K, committed 5120K, reserved 1048576K
}
Event: 9.527 GC heap before
{Heap before GC invocations=70 (full 7):
 PSYoungGen      total 45056K, used 45047K [0x00000000ef400000, 0x00000000f4980000, 0x0000000100000000)
  eden space 34816K, 100% used [0x00000000ef400000,0x00000000f1600000,0x00000000f1600000)
  from space 10240K, 99% used [0x00000000f2a80000,0x00000000f347dda8,0x00000000f3480000)
  to   space 20992K, 0% used [0x00000000f1600000,0x00000000f1600000,0x00000000f2a80000)
 ParOldGen       total 359936K, used 270171K [0x00000000cdc00000, 0x00000000e3b80000, 0x00000000ef400000)
  object space 359936K, 75% used [0x00000000cdc00000,0x00000000de3d6de8,0x00000000e3b80000)
 Metaspace       used 49548K, committed 50368K, reserved 1097728K
  class space    used 4776K, committed 5120K, reserved 1048576K
}
Event: 9.538 GC heap after
{Heap after GC invocations=70 (full 7):
 PSYoungGen      total 48128K, used 13167K [0x00000000ef400000, 0x00000000f3700000, 0x0000000100000000)
  eden space 34816K, 0% used [0x00000000ef400000,0x00000000ef400000,0x00000000f1600000)
  from space 13312K, 98% used [0x00000000f1600000,0x00000000f22dbfb8,0x00000000f2300000)
  to   space 15360K, 0% used [0x00000000f2800000,0x00000000f2800000,0x00000000f3700000)
 ParOldGen       total 359936K, used 275009K [0x00000000cdc00000, 0x00000000e3b80000, 0x00000000ef400000)
  object space 359936K, 76% used [0x00000000cdc00000,0x00000000de890708,0x00000000e3b80000)
 Metaspace       used 49548K, committed 50368K, reserved 1097728K
  class space    used 4776K, committed 5120K, reserved 1048576K
}
Event: 9.598 GC heap before
{Heap before GC invocations=71 (full 7):
 PSYoungGen      total 48128K, used 47983K [0x00000000ef400000, 0x00000000f3700000, 0x0000000100000000)
  eden space 34816K, 100% used [0x00000000ef400000,0x00000000f1600000,0x00000000f1600000)
  from space 13312K, 98% used [0x00000000f1600000,0x00000000f22dbfb8,0x00000000f2300000)
  to   space 15360K, 0% used [0x00000000f2800000,0x00000000f2800000,0x00000000f3700000)
 ParOldGen       total 359936K, used 275009K [0x00000000cdc00000, 0x00000000e3b80000, 0x00000000ef400000)
  object space 359936K, 76% used [0x00000000cdc00000,0x00000000de890708,0x00000000e3b80000)
 Metaspace       used 49548K, committed 50368K, reserved 1097728K
  class space    used 4776K, committed 5120K, reserved 1048576K
}
Event: 9.609 GC heap after
{Heap after GC invocations=71 (full 7):
 PSYoungGen      total 46080K, used 15341K [0x00000000ef400000, 0x00000000f4580000, 0x0000000100000000)
  eden space 30720K, 0% used [0x00000000ef400000,0x00000000ef400000,0x00000000f1200000)
  from space 15360K, 99% used [0x00000000f2800000,0x00000000f36fb648,0x00000000f3700000)
  to   space 22528K, 0% used [0x00000000f1200000,0x00000000f1200000,0x00000000f2800000)
 ParOldGen       total 359936K, used 280546K [0x00000000cdc00000, 0x00000000e3b80000, 0x00000000ef400000)
  object space 359936K, 77% used [0x00000000cdc00000,0x00000000dedf8b58,0x00000000e3b80000)
 Metaspace       used 49548K, committed 50368K, reserved 1097728K
  class space    used 4776K, committed 5120K, reserved 1048576K
}
Event: 9.671 GC heap before
{Heap before GC invocations=72 (full 7):
 PSYoungGen      total 46080K, used 46061K [0x00000000ef400000, 0x00000000f4580000, 0x0000000100000000)
  eden space 30720K, 100% used [0x00000000ef400000,0x00000000f1200000,0x00000000f1200000)
  from space 15360K, 99% used [0x00000000f2800000,0x00000000f36fb648,0x00000000f3700000)
  to   space 22528K, 0% used [0x00000000f1200000,0x00000000f1200000,0x00000000f2800000)
 ParOldGen       total 359936K, used 280546K [0x00000000cdc00000, 0x00000000e3b80000, 0x00000000ef400000)
  object space 359936K, 77% used [0x00000000cdc00000,0x00000000dedf8b58,0x00000000e3b80000)
 Metaspace       used 49548K, committed 50368K, reserved 1097728K
  class space    used 4776K, committed 5120K, reserved 1048576K
}
Event: 9.699 GC heap after
{Heap after GC invocations=72 (full 7):
 PSYoungGen      total 43008K, used 12020K [0x00000000ef400000, 0x00000000f3300000, 0x0000000100000000)
  eden space 30720K, 0% used [0x00000000ef400000,0x00000000ef400000,0x00000000f1200000)
  from space 12288K, 97% used [0x00000000f1200000,0x00000000f1dbd2a0,0x00000000f1e00000)
  to   space 15360K, 0% used [0x00000000f2400000,0x00000000f2400000,0x00000000f3300000)
 ParOldGen       total 359936K, used 291137K [0x00000000cdc00000, 0x00000000e3b80000, 0x00000000ef400000)
  object space 359936K, 80% used [0x00000000cdc00000,0x00000000df850758,0x00000000e3b80000)
 Metaspace       used 49548K, committed 50368K, reserved 1097728K
  class space    used 4776K, committed 5120K, reserved 1048576K
}
Event: 9.765 GC heap before
{Heap before GC invocations=73 (full 7):
 PSYoungGen      total 43008K, used 42740K [0x00000000ef400000, 0x00000000f3300000, 0x0000000100000000)
  eden space 30720K, 100% used [0x00000000ef400000,0x00000000f1200000,0x00000000f1200000)
  from space 12288K, 97% used [0x00000000f1200000,0x00000000f1dbd2a0,0x00000000f1e00000)
  to   space 15360K, 0% used [0x00000000f2400000,0x00000000f2400000,0x00000000f3300000)
 ParOldGen       total 359936K, used 291137K [0x00000000cdc00000, 0x00000000e3b80000, 0x00000000ef400000)
  object space 359936K, 80% used [0x00000000cdc00000,0x00000000df850758,0x00000000e3b80000)
 Metaspace       used 49548K, committed 50368K, reserved 1097728K
  class space    used 4776K, committed 5120K, reserved 1048576K
}
Event: 9.784 GC heap after
{Heap after GC invocations=73 (full 7):
 PSYoungGen      total 47616K, used 13653K [0x00000000ef400000, 0x00000000f3180000, 0x0000000100000000)
  eden space 33792K, 0% used [0x00000000ef400000,0x00000000ef400000,0x00000000f1500000)
  from space 13824K, 98% used [0x00000000f2400000,0x00000000f3155768,0x00000000f3180000)
  to   space 14336K, 0% used [0x00000000f1580000,0x00000000f1580000,0x00000000f2380000)
 ParOldGen       total 359936K, used 296067K [0x00000000cdc00000, 0x00000000e3b80000, 0x00000000ef400000)
  object space 359936K, 82% used [0x00000000cdc00000,0x00000000dfd20d80,0x00000000e3b80000)
 Metaspace       used 49548K, committed 50368K, reserved 1097728K
  class space    used 4776K, committed 5120K, reserved 1048576K
}
Event: 9.968 GC heap before
{Heap before GC invocations=74 (full 7):
 PSYoungGen      total 47616K, used 47445K [0x00000000ef400000, 0x00000000f3180000, 0x0000000100000000)
  eden space 33792K, 100% used [0x00000000ef400000,0x00000000f1500000,0x00000000f1500000)
  from space 13824K, 98% used [0x00000000f2400000,0x00000000f3155768,0x00000000f3180000)
  to   space 14336K, 0% used [0x00000000f1580000,0x00000000f1580000,0x00000000f2380000)
 ParOldGen       total 359936K, used 296067K [0x00000000cdc00000, 0x00000000e3b80000, 0x00000000ef400000)
  object space 359936K, 82% used [0x00000000cdc00000,0x00000000dfd20d80,0x00000000e3b80000)
 Metaspace       used 49550K, committed 50368K, reserved 1097728K
  class space    used 4776K, committed 5120K, reserved 1048576K
}
Event: 9.985 GC heap after
{Heap after GC invocations=74 (full 7):
 PSYoungGen      total 48640K, used 13479K [0x00000000ef400000, 0x00000000f3380000, 0x0000000100000000)
  eden space 34304K, 0% used [0x00000000ef400000,0x00000000ef400000,0x00000000f1580000)
  from space 14336K, 94% used [0x00000000f1580000,0x00000000f22a9c48,0x00000000f2380000)
  to   space 13824K, 0% used [0x00000000f2600000,0x00000000f2600000,0x00000000f3380000)
 ParOldGen       total 359936K, used 310024K [0x00000000cdc00000, 0x00000000e3b80000, 0x00000000ef400000)
  object space 359936K, 86% used [0x00000000cdc00000,0x00000000e0ac2130,0x00000000e3b80000)
 Metaspace       used 49550K, committed 50368K, reserved 1097728K
  class space    used 4776K, committed 5120K, reserved 1048576K
}
Event: 10.027 GC heap before
{Heap before GC invocations=75 (full 7):
 PSYoungGen      total 48640K, used 47783K [0x00000000ef400000, 0x00000000f3380000, 0x0000000100000000)
  eden space 34304K, 100% used [0x00000000ef400000,0x00000000f1580000,0x00000000f1580000)
  from space 14336K, 94% used [0x00000000f1580000,0x00000000f22a9c48,0x00000000f2380000)
  to   space 13824K, 0% used [0x00000000f2600000,0x00000000f2600000,0x00000000f3380000)
 ParOldGen       total 359936K, used 310024K [0x00000000cdc00000, 0x00000000e3b80000, 0x00000000ef400000)
  object space 359936K, 86% used [0x00000000cdc00000,0x00000000e0ac2130,0x00000000e3b80000)
 Metaspace       used 49550K, committed 50368K, reserved 1097728K
  class space    used 4776K, committed 5120K, reserved 1048576K
}
Event: 10.047 GC heap after
{Heap after GC invocations=75 (full 7):
 PSYoungGen      total 39936K, used 13796K [0x00000000ef400000, 0x00000000f4a80000, 0x0000000100000000)
  eden space 26112K, 0% used [0x00000000ef400000,0x00000000ef400000,0x00000000f0d80000)
  from space 13824K, 99% used [0x00000000f2600000,0x00000000f33790a0,0x00000000f3380000)
  to   space 25088K, 0% used [0x00000000f0d80000,0x00000000f0d80000,0x00000000f2600000)
 ParOldGen       total 359936K, used 319297K [0x00000000cdc00000, 0x00000000e3b80000, 0x00000000ef400000)
  object space 359936K, 88% used [0x00000000cdc00000,0x00000000e13d0458,0x00000000e3b80000)
 Metaspace       used 49550K, committed 50368K, reserved 1097728K
  class space    used 4776K, committed 5120K, reserved 1048576K
}
Event: 10.060 GC heap before
{Heap before GC invocations=76 (full 7):
 PSYoungGen      total 39936K, used 39864K [0x00000000ef400000, 0x00000000f4a80000, 0x0000000100000000)
  eden space 26112K, 99% used [0x00000000ef400000,0x00000000f0d74f70,0x00000000f0d80000)
  from space 13824K, 99% used [0x00000000f2600000,0x00000000f33790a0,0x00000000f3380000)
  to   space 25088K, 0% used [0x00000000f0d80000,0x00000000f0d80000,0x00000000f2600000)
 ParOldGen       total 359936K, used 319297K [0x00000000cdc00000, 0x00000000e3b80000, 0x00000000ef400000)
  object space 359936K, 88% used [0x00000000cdc00000,0x00000000e13d0458,0x00000000e3b80000)
 Metaspace       used 49550K, committed 50368K, reserved 1097728K
  class space    used 4776K, committed 5120K, reserved 1048576K
}
Event: 10.073 GC heap after
{Heap after GC invocations=76 (full 7):
 PSYoungGen      total 41472K, used 15210K [0x00000000ef400000, 0x00000000f3500000, 0x0000000100000000)
  eden space 26112K, 0% used [0x00000000ef400000,0x00000000ef400000,0x00000000f0d80000)
  from space 15360K, 99% used [0x00000000f0d80000,0x00000000f1c5aa10,0x00000000f1c80000)
  to   space 18432K, 0% used [0x00000000f2300000,0x00000000f2300000,0x00000000f3500000)
 ParOldGen       total 359936K, used 327934K [0x00000000cdc00000, 0x00000000e3b80000, 0x00000000ef400000)
  object space 359936K, 91% used [0x00000000cdc00000,0x00000000e1c3fa88,0x00000000e3b80000)
 Metaspace       used 49550K, committed 50368K, reserved 1097728K
  class space    used 4776K, committed 5120K, reserved 1048576K
}
Event: 10.085 GC heap before
{Heap before GC invocations=77 (full 7):
 PSYoungGen      total 41472K, used 41322K [0x00000000ef400000, 0x00000000f3500000, 0x0000000100000000)
  eden space 26112K, 100% used [0x00000000ef400000,0x00000000f0d80000,0x00000000f0d80000)
  from space 15360K, 99% used [0x00000000f0d80000,0x00000000f1c5aa10,0x00000000f1c80000)
  to   space 18432K, 0% used [0x00000000f2300000,0x00000000f2300000,0x00000000f3500000)
 ParOldGen       total 359936K, used 327934K [0x00000000cdc00000, 0x00000000e3b80000, 0x00000000ef400000)
  object space 359936K, 91% used [0x00000000cdc00000,0x00000000e1c3fa88,0x00000000e3b80000)
 Metaspace       used 49550K, committed 50368K, reserved 1097728K
  class space    used 4776K, committed 5120K, reserved 1048576K
}
Event: 10.095 GC heap after
{Heap after GC invocations=77 (full 7):
 PSYoungGen      total 40448K, used 10328K [0x00000000ef400000, 0x00000000f2d80000, 0x0000000100000000)
  eden space 29696K, 0% used [0x00000000ef400000,0x00000000ef400000,0x00000000f1100000)
  from space 10752K, 96% used [0x00000000f2300000,0x00000000f2d161b0,0x00000000f2d80000)
  to   space 12800K, 0% used [0x00000000f1480000,0x00000000f1480000,0x00000000f2100000)
 ParOldGen       total 359936K, used 342750K [0x00000000cdc00000, 0x00000000e3b80000, 0x00000000ef400000)
  object space 359936K, 95% used [0x00000000cdc00000,0x00000000e2ab7838,0x00000000e3b80000)
 Metaspace       used 49550K, committed 50368K, reserved 1097728K
  class space    used 4776K, committed 5120K, reserved 1048576K
}

